<?xml version="1.0" encoding="UTF-8"?>
<!-- Generated by org.testng.reporters.JUnitReportReporter -->
<testsuite hostname="DESKTOP-9A0J81O" failures="0" tests="2" name="resttesting.testing" time="0.012" errors="0" timestamp="15 Mar 2022 03:19:52 GMT">
  <testcase classname="resttesting.testing" name="TestCase1" time="0.005"/>
  <testcase classname="resttesting.testing" name="TestCase2" time="0.007"/>
</testsuite> <!-- resttesting.testing -->
