<?xml version="1.0" encoding="UTF-8"?>
<!-- Generated by org.testng.reporters.JUnitReportReporter -->
<testsuite hostname="DESKTOP-9A0J81O" failures="0" tests="2" name="resttesting.E_commerce" time="13.420" errors="0" timestamp="15 Mar 2022 14:53:20 GMT">
  <testcase classname="resttesting.E_commerce" name="signup" time="8.990"/>
  <testcase classname="resttesting.E_commerce" name="Login" time="4.430"/>
</testsuite> <!-- resttesting.E_commerce -->
