<?xml version="1.0" encoding="UTF-8"?>
<!-- Generated by org.testng.reporters.JUnitReportReporter -->
<testsuite hostname="DESKTOP-9A0J81O" failures="0" tests="3" name="resttesting.trello" time="5.232" errors="0" timestamp="15 Mar 2022 09:20:23 GMT">
  <testcase classname="resttesting.trello" name="getBoard" time="0.819"/>
  <testcase classname="resttesting.trello" name="createBoard" time="3.457"/>
  <testcase classname="resttesting.trello" name="DeleteBoard" time="0.956"/>
</testsuite> <!-- resttesting.trello -->
